[debug] [2019-12-28T00:56:00.822Z] ----------------------------------------------------------------------
[debug] [2019-12-28T00:56:00.826Z] Command:       C:\Program Files\nodejs\node.exe C:\Users\ernesto\AppData\Roaming\npm\node_modules\firebase-tools\lib\bin\firebase.js init
[debug] [2019-12-28T00:56:00.827Z] CLI Version:   7.11.0
[debug] [2019-12-28T00:56:00.827Z] Platform:      win32
[debug] [2019-12-28T00:56:00.827Z] Node Version:  v13.5.0
[debug] [2019-12-28T00:56:00.829Z] Time:          Fri Dec 27 2019 18:56:00 GMT-0600 (hora estándar central)
[debug] [2019-12-28T00:56:00.830Z] ----------------------------------------------------------------------
[debug] [2019-12-28T00:56:00.830Z] 
[debug] [2019-12-28T00:56:00.848Z] > command requires scopes: ["email","openid","https://www.googleapis.com/auth/cloudplatformprojects.readonly","https://www.googleapis.com/auth/firebase","https://www.googleapis.com/auth/cloud-platform"]
[debug] [2019-12-28T00:56:00.849Z] > authorizing via signed-in user
[info] 
     ######## #### ########  ######## ########     ###     ######  ########
     ##        ##  ##     ## ##       ##     ##  ##   ##  ##       ##
     ######    ##  ########  ######   ########  #########  ######  ######
     ##        ##  ##    ##  ##       ##     ## ##     ##       ## ##
     ##       #### ##     ## ######## ########  ##     ##  ######  ########

You're about to initialize a Firebase project in this directory:

  C:\Users\ernesto\Desktop\iBox

Before we get started, keep in mind:

  * You are initializing in an existing Firebase project directory

[info] 
=== Project Setup
[info] 
[info] First, let's associate this project directory with a Firebase project.
[info] You can create multiple project aliases by running firebase use --add, 
[info] but for now we'll just set up a default project.
[info] 
[info] i  .firebaserc already has a default project, using iboxshops.
[debug] [2019-12-28T00:56:08.664Z] > refreshing access token with scopes: ["email","https://www.googleapis.com/auth/cloud-platform","https://www.googleapis.com/auth/cloudplatformprojects.readonly","https://www.googleapis.com/auth/firebase","openid"]
[debug] [2019-12-28T00:56:08.665Z] >>> HTTP REQUEST POST https://www.googleapis.com/oauth2/v3/token  
 <request body omitted>
[debug] [2019-12-28T00:56:09.089Z] <<< HTTP RESPONSE 200
[debug] [2019-12-28T00:56:09.158Z] >>> HTTP REQUEST GET https://firebase.googleapis.com/v1beta1/projects/iboxshops  
 
[debug] [2019-12-28T00:56:09.694Z] <<< HTTP RESPONSE 200
[info] 
=== Functions Setup
[info] 
[info] A functions directory will be created in your project with a Node.js
[info] package pre-configured. Functions can be deployed with firebase deploy.
[info] 
[debug] [2019-12-28T00:56:09.713Z] > command requires scopes: ["email","openid","https://www.googleapis.com/auth/cloudplatformprojects.readonly","https://www.googleapis.com/auth/firebase","https://www.googleapis.com/auth/cloud-platform"]
[debug] [2019-12-28T00:56:09.715Z] > authorizing via signed-in user
[debug] [2019-12-28T00:56:09.715Z] [iam] checking project iboxshops for permissions ["firebase.projects.get"]
[debug] [2019-12-28T00:56:09.716Z] >>> HTTP REQUEST POST https://cloudresourcemanager.googleapis.com/v1/projects/iboxshops:testIamPermissions  

[debug] [2019-12-28T00:56:10.203Z] <<< HTTP RESPONSE 200
[debug] [2019-12-28T00:56:10.205Z] >>> HTTP REQUEST POST https://serviceusage.googleapis.com/v1/projects/iboxshops/services/cloudfunctions.googleapis.com:enable  
 
[debug] [2019-12-28T00:56:10.206Z] >>> HTTP REQUEST POST https://serviceusage.googleapis.com/v1/projects/iboxshops/services/runtimeconfig.googleapis.com:enable  
 
[debug] [2019-12-28T00:56:10.814Z] <<< HTTP RESPONSE 200
[debug] [2019-12-28T00:56:10.816Z] <<< HTTP RESPONSE 200
[info] i  Skipping write of functions/package.json
[info] i  Skipping write of functions/index.js
[info] i  Skipping write of functions/.gitignore
